<?xml version="1.0" encoding="UTF-8"?>
<!-- Generated by org.testng.reporters.JUnitXMLReporter -->
<testsuite ignored="0" hostname="DESKTOP-VT2BQ7B" failures="0" tests="25" name="Default test" time="0.369" errors="0" timestamp="2022-06-18T17:06:24 EDT">
  <testcase classname="dataprovider_reposotory.multiple_test_case" name="Logout" time="0.015"/>
  <testcase classname="dataprovider_reposotory.multiple_test_case" name="Logout" time="0.003"/>
  <testcase classname="dataprovider_reposotory.multiple_test_case" name="Logout" time="0.002"/>
  <testcase classname="dataprovider_reposotory.multiple_test_case" name="Logout" time="0.014"/>
  <testcase classname="dataprovider_reposotory.multiple_test_case" name="Logout" time="0.014"/>
  <testcase classname="dataprovider_reposotory.multiple_test_case" name="Logout1" time="0.008"/>
  <testcase classname="dataprovider_reposotory.multiple_test_case" name="Logout1" time="0.008"/>
  <testcase classname="dataprovider_reposotory.multiple_test_case" name="Logout1" time="0.003"/>
  <testcase classname="dataprovider_reposotory.multiple_test_case" name="Logout1" time="0.002"/>
  <testcase classname="dataprovider_reposotory.multiple_test_case" name="Logout1" time="0.002"/>
  <testcase classname="dataprovider_reposotory.multiple_test_case" name="ValidateLoginHomePage" time="0.003"/>
  <testcase classname="dataprovider_reposotory.multiple_test_case" name="ValidateLoginHomePage" time="0.002"/>
  <testcase classname="dataprovider_reposotory.multiple_test_case" name="ValidateLoginHomePage" time="0.004"/>
  <testcase classname="dataprovider_reposotory.multiple_test_case" name="ValidateLoginHomePage" time="0.004"/>
  <testcase classname="dataprovider_reposotory.multiple_test_case" name="ValidateLoginHomePage" time="0.003"/>
  <testcase classname="dataprovider_reposotory.multiple_test_case" name="entercredential" time="0.001"/>
  <testcase classname="dataprovider_reposotory.multiple_test_case" name="entercredential" time="0.001"/>
  <testcase classname="dataprovider_reposotory.multiple_test_case" name="entercredential" time="0.001"/>
  <testcase classname="dataprovider_reposotory.multiple_test_case" name="entercredential" time="0.003"/>
  <testcase classname="dataprovider_reposotory.multiple_test_case" name="entercredential" time="0.001"/>
  <testcase classname="dataprovider_reposotory.multiple_test_case" name="launchURL" time="0.009"/>
  <testcase classname="dataprovider_reposotory.multiple_test_case" name="launchURL" time="0.004"/>
  <testcase classname="dataprovider_reposotory.multiple_test_case" name="launchURL" time="0.001"/>
  <testcase classname="dataprovider_reposotory.multiple_test_case" name="launchURL" time="0.011"/>
  <testcase classname="dataprovider_reposotory.multiple_test_case" name="launchURL" time="0.003"/>
</testsuite> <!-- Default test -->
