<?xml version="1.0" encoding="UTF-8"?>
<!-- Generated by org.testng.reporters.JUnitXMLReporter -->
<testsuite ignored="0" hostname="DESKTOP-VT2BQ7B" failures="0" tests="28" name="Test" time="0.202" errors="0" timestamp="2022-06-04T17:44:50 EDT">
  <testcase classname="dataprovider_reposotory.data_provider" name="registernewuser" time="0.009"/>
  <testcase classname="dataprovider_reposotory.data_provider" name="registernewuser" time="0.001"/>
  <testcase classname="dataprovider_reposotory.data_provider" name="registernewuser" time="0.001"/>
  <testcase classname="dataprovider_reposotory.multiple_test_case" name="Logout" time="0.001"/>
  <testcase classname="dataprovider_reposotory.multiple_test_case" name="Logout" time="0.002"/>
  <testcase classname="dataprovider_reposotory.multiple_test_case" name="Logout" time="0.002"/>
  <testcase classname="dataprovider_reposotory.multiple_test_case" name="Logout" time="0.001"/>
  <testcase classname="dataprovider_reposotory.multiple_test_case" name="Logout" time="0.002"/>
  <testcase classname="dataprovider_reposotory.multiple_test_case" name="Logout1" time="0.001"/>
  <testcase classname="dataprovider_reposotory.multiple_test_case" name="Logout1" time="0.002"/>
  <testcase classname="dataprovider_reposotory.multiple_test_case" name="Logout1" time="0.002"/>
  <testcase classname="dataprovider_reposotory.multiple_test_case" name="Logout1" time="0.002"/>
  <testcase classname="dataprovider_reposotory.multiple_test_case" name="Logout1" time="0.001"/>
  <testcase classname="dataprovider_reposotory.multiple_test_case" name="ValidateLoginHomePage" time="0.001"/>
  <testcase classname="dataprovider_reposotory.multiple_test_case" name="ValidateLoginHomePage" time="0.001"/>
  <testcase classname="dataprovider_reposotory.multiple_test_case" name="ValidateLoginHomePage" time="0.002"/>
  <testcase classname="dataprovider_reposotory.multiple_test_case" name="ValidateLoginHomePage" time="0.001"/>
  <testcase classname="dataprovider_reposotory.multiple_test_case" name="ValidateLoginHomePage" time="0.002"/>
  <testcase classname="dataprovider_reposotory.multiple_test_case" name="entercredential" time="0.001"/>
  <testcase classname="dataprovider_reposotory.multiple_test_case" name="entercredential" time="0.001"/>
  <testcase classname="dataprovider_reposotory.multiple_test_case" name="entercredential" time="0.004"/>
  <testcase classname="dataprovider_reposotory.multiple_test_case" name="entercredential" time="0.005"/>
  <testcase classname="dataprovider_reposotory.multiple_test_case" name="entercredential" time="0.003"/>
  <testcase classname="dataprovider_reposotory.multiple_test_case" name="launchURL" time="0.002"/>
  <testcase classname="dataprovider_reposotory.multiple_test_case" name="launchURL" time="0.002"/>
  <testcase classname="dataprovider_reposotory.multiple_test_case" name="launchURL" time="0.003"/>
  <testcase classname="dataprovider_reposotory.multiple_test_case" name="launchURL" time="0.005"/>
  <testcase classname="dataprovider_reposotory.multiple_test_case" name="launchURL" time="0.001"/>
</testsuite> <!-- Test -->
