<?xml version="1.0" encoding="UTF-8"?>
<testng-results ignored="0" total="1" passed="1" failed="0" skipped="0">
  <reporter-output>
  </reporter-output>
  <suite started-at="2022-10-04T16:52:48 EDT" name="Default suite" finished-at="2022-10-04T16:53:01 EDT" duration-ms="13008">
    <groups>
    </groups>
    <test started-at="2022-10-04T16:52:48 EDT" name="Default test" finished-at="2022-10-04T16:53:01 EDT" duration-ms="13008">
      <class name="alerts.validate_alert_ErrorMessage">
        <test-method signature="alerttest()[pri:0, instance:alerts.validate_alert_ErrorMessage@169e6180]" started-at="2022-10-04T16:52:48 EDT" name="alerttest" finished-at="2022-10-04T16:53:01 EDT" duration-ms="12930" status="PASS">
          <reporter-output>
          </reporter-output>
        </test-method> <!-- alerttest -->
      </class> <!-- alerts.validate_alert_ErrorMessage -->
    </test> <!-- Default test -->
  </suite> <!-- Default suite -->
</testng-results>
