<?xml version="1.0" encoding="UTF-8"?>
<testng-results ignored="0" total="1" passed="1" failed="0" skipped="0">
  <reporter-output>
  </reporter-output>
  <suite started-at="2022-10-22T20:54:02 EDT" name="Default suite" finished-at="2022-10-22T20:54:10 EDT" duration-ms="7585">
    <groups>
    </groups>
    <test started-at="2022-10-22T20:54:02 EDT" name="Default test" finished-at="2022-10-22T20:54:10 EDT" duration-ms="7585">
      <class name="uploadscreenshot.uploadscreenshot">
        <test-method signature="main()[pri:0, instance:uploadscreenshot.uploadscreenshot@73e22a3d]" started-at="2022-10-22T20:54:02 EDT" name="main" finished-at="2022-10-22T20:54:10 EDT" duration-ms="7518" status="PASS">
          <reporter-output>
          </reporter-output>
        </test-method> <!-- main -->
      </class> <!-- uploadscreenshot.uploadscreenshot -->
    </test> <!-- Default test -->
  </suite> <!-- Default suite -->
</testng-results>
